This file contains any messages produced by compilers while
running configure, to aid debugging if configure makes a mistake.

It was created by configure, which was
generated by GNU Autoconf 2.69.  Invocation command line was

  $ ./configure 

## --------- ##
## Platform. ##
## --------- ##

hostname = localhost.localdomain
uname -m = x86_64
uname -r = 4.18.9-200.fc28.x86_64
uname -s = Linux
uname -v = #1 SMP Thu Sep 20 02:43:23 UTC 2018

/usr/bin/uname -p = x86_64
/bin/uname -X     = unknown

/bin/arch              = x86_64
/usr/bin/arch -k       = unknown
/usr/convex/getsysinfo = unknown
/usr/bin/hostinfo      = unknown
/bin/machine           = unknown
/usr/bin/oslevel       = unknown
/bin/universe          = unknown

PATH: /usr/share/Modules/bin
PATH: /usr/local/bin
PATH: /usr/local/sbin
PATH: /usr/bin
PATH: /usr/sbin
PATH: /usr/lib64/mpich/bin/
PATH: /usr/local/cuda-10.0/bin


## ----------- ##
## Core tests. ##
## ----------- ##

configure:2554: checking build system type
configure:2568: result: x86_64-pc-linux-gnu
configure:2588: checking host system type
configure:2601: result: x86_64-pc-linux-gnu
configure:2685: checking for gcc
configure:2701: found /usr/bin/gcc
configure:2712: result: gcc
configure:2941: checking for C compiler version
configure:2950: gcc --version >&5
gcc (GCC) 8.1.1 20180712 (Red Hat 8.1.1-5)
Copyright (C) 2018 Free Software Foundation, Inc.
This is free software; see the source for copying conditions.  There is NO
warranty; not even for MERCHANTABILITY or FITNESS FOR A PARTICULAR PURPOSE.

configure:2961: $? = 0
configure:2950: gcc -v >&5
Using built-in specs.
COLLECT_GCC=gcc
COLLECT_LTO_WRAPPER=/usr/libexec/gcc/x86_64-redhat-linux/8/lto-wrapper
OFFLOAD_TARGET_NAMES=nvptx-none
OFFLOAD_TARGET_DEFAULT=1
Target: x86_64-redhat-linux
Configured with: ../configure --enable-bootstrap --enable-languages=c,c++,fortran,objc,obj-c++,ada,go,lto --prefix=/usr --mandir=/usr/share/man --infodir=/usr/share/info --with-bugurl=http://bugzilla.redhat.com/bugzilla --enable-shared --enable-threads=posix --enable-checking=release --enable-multilib --with-system-zlib --enable-__cxa_atexit --disable-libunwind-exceptions --enable-gnu-unique-object --enable-linker-build-id --with-gcc-major-version-only --with-linker-hash-style=gnu --enable-plugin --enable-initfini-array --with-isl --enable-libmpx --enable-offload-targets=nvptx-none --without-cuda-driver --enable-gnu-indirect-function --enable-cet --with-tune=generic --with-arch_32=i686 --build=x86_64-redhat-linux
Thread model: posix
gcc version 8.1.1 20180712 (Red Hat 8.1.1-5) (GCC) 
configure:2961: $? = 0
configure:2950: gcc -V >&5
gcc: error: unrecognized command line option '-V'
gcc: fatal error: no input files
compilation terminated.
configure:2961: $? = 1
configure:2950: gcc -qversion >&5
gcc: error: unrecognized command line option '-qversion'; did you mean '--version'?
gcc: fatal error: no input files
compilation terminated.
configure:2961: $? = 1
configure:2981: checking whether the C compiler works
configure:3003: gcc    conftest.c  >&5
configure:3007: $? = 0
configure:3055: result: yes
configure:3058: checking for C compiler default output file name
configure:3060: result: a.out
configure:3066: checking for suffix of executables
configure:3073: gcc -o conftest    conftest.c  >&5
configure:3077: $? = 0
configure:3099: result: 
configure:3121: checking whether we are cross compiling
configure:3129: gcc -o conftest    conftest.c  >&5
configure:3133: $? = 0
configure:3140: ./conftest
configure:3144: $? = 0
configure:3159: result: no
configure:3164: checking for suffix of object files
configure:3186: gcc -c   conftest.c >&5
configure:3190: $? = 0
configure:3211: result: o
configure:3215: checking whether we are using the GNU C compiler
configure:3234: gcc -c   conftest.c >&5
configure:3234: $? = 0
configure:3243: result: yes
configure:3252: checking whether gcc accepts -g
configure:3272: gcc -c -g  conftest.c >&5
configure:3272: $? = 0
configure:3313: result: yes
configure:3330: checking for gcc option to accept ISO C89
configure:3393: gcc  -c -g -O2  conftest.c >&5
configure:3393: $? = 0
configure:3406: result: none needed
configure:3436: checking for special C compiler options needed for large files
configure:3481: result: no
configure:3487: checking for _FILE_OFFSET_BITS value needed for large files
configure:3512: gcc -c   conftest.c >&5
configure:3512: $? = 0
configure:3544: result: no
configure:3700: checking if gcc supports -O4 -Werror flags
configure:3716: gcc -c -O4 -Werror  conftest.c >&5
configure:3716: $? = 0
configure:3723: result: yes
configure:3809: checking for sys/wait.h that is POSIX.1 compatible
configure:3835: gcc -c  -O4  conftest.c >&5
configure:3835: $? = 0
configure:3842: result: yes
configure:3855: checking how to run the C preprocessor
configure:3886: gcc -E  conftest.c
configure:3886: $? = 0
configure:3900: gcc -E  conftest.c
conftest.c:10:10: fatal error: ac_nonexistent.h: No such file or directory
 #include <ac_nonexistent.h>
          ^~~~~~~~~~~~~~~~~~
compilation terminated.
configure:3900: $? = 1
configure: failed program was:
| /* confdefs.h */
| #define PACKAGE_NAME ""
| #define PACKAGE_TARNAME ""
| #define PACKAGE_VERSION ""
| #define PACKAGE_STRING ""
| #define PACKAGE_BUGREPORT ""
| #define PACKAGE_URL ""
| #define HAVE_SYS_WAIT_H 1
| /* end confdefs.h.  */
| #include <ac_nonexistent.h>
configure:3925: result: gcc -E
configure:3945: gcc -E  conftest.c
configure:3945: $? = 0
configure:3959: gcc -E  conftest.c
conftest.c:10:10: fatal error: ac_nonexistent.h: No such file or directory
 #include <ac_nonexistent.h>
          ^~~~~~~~~~~~~~~~~~
compilation terminated.
configure:3959: $? = 1
configure: failed program was:
| /* confdefs.h */
| #define PACKAGE_NAME ""
| #define PACKAGE_TARNAME ""
| #define PACKAGE_VERSION ""
| #define PACKAGE_STRING ""
| #define PACKAGE_BUGREPORT ""
| #define PACKAGE_URL ""
| #define HAVE_SYS_WAIT_H 1
| /* end confdefs.h.  */
| #include <ac_nonexistent.h>
configure:3988: checking for grep that handles long lines and -e
configure:4046: result: /usr/bin/grep
configure:4051: checking for egrep
configure:4113: result: /usr/bin/grep -E
configure:4118: checking for ANSI C header files
configure:4138: gcc -c  -O4  conftest.c >&5
configure:4138: $? = 0
configure:4211: gcc -o conftest  -O4   conftest.c  >&5
configure:4211: $? = 0
configure:4211: ./conftest
configure:4211: $? = 0
configure:4222: result: yes
configure:4235: checking for sys/types.h
configure:4235: gcc -c  -O4  conftest.c >&5
configure:4235: $? = 0
configure:4235: result: yes
configure:4235: checking for sys/stat.h
configure:4235: gcc -c  -O4  conftest.c >&5
configure:4235: $? = 0
configure:4235: result: yes
configure:4235: checking for stdlib.h
configure:4235: gcc -c  -O4  conftest.c >&5
configure:4235: $? = 0
configure:4235: result: yes
configure:4235: checking for string.h
configure:4235: gcc -c  -O4  conftest.c >&5
configure:4235: $? = 0
configure:4235: result: yes
configure:4235: checking for memory.h
configure:4235: gcc -c  -O4  conftest.c >&5
configure:4235: $? = 0
configure:4235: result: yes
configure:4235: checking for strings.h
configure:4235: gcc -c  -O4  conftest.c >&5
configure:4235: $? = 0
configure:4235: result: yes
configure:4235: checking for inttypes.h
configure:4235: gcc -c  -O4  conftest.c >&5
configure:4235: $? = 0
configure:4235: result: yes
configure:4235: checking for stdint.h
configure:4235: gcc -c  -O4  conftest.c >&5
configure:4235: $? = 0
configure:4235: result: yes
configure:4235: checking for unistd.h
configure:4235: gcc -c  -O4  conftest.c >&5
configure:4235: $? = 0
configure:4235: result: yes
configure:4250: checking signal.h usability
configure:4250: gcc -c  -O4  conftest.c >&5
configure:4250: $? = 0
configure:4250: result: yes
configure:4250: checking signal.h presence
configure:4250: gcc -E  conftest.c
configure:4250: $? = 0
configure:4250: result: yes
configure:4250: checking for signal.h
configure:4250: result: yes
configure:4250: checking stddef.h usability
configure:4250: gcc -c  -O4  conftest.c >&5
configure:4250: $? = 0
configure:4250: result: yes
configure:4250: checking stddef.h presence
configure:4250: gcc -E  conftest.c
configure:4250: $? = 0
configure:4250: result: yes
configure:4250: checking for stddef.h
configure:4250: result: yes
configure:4250: checking for unistd.h
configure:4250: result: yes
configure:4250: checking for sys/types.h
configure:4250: result: yes
configure:4250: checking for sys/wait.h
configure:4250: result: yes
configure:4250: checking for stdlib.h
configure:4250: result: yes
configure:4250: checking for string.h
configure:4250: result: yes
configure:4250: checking errno.h usability
configure:4250: gcc -c  -O4  conftest.c >&5
configure:4250: $? = 0
configure:4250: result: yes
configure:4250: checking errno.h presence
configure:4250: gcc -E  conftest.c
configure:4250: $? = 0
configure:4250: result: yes
configure:4250: checking for errno.h
configure:4250: result: yes
configure:4250: checking pthread.h usability
configure:4250: gcc -c  -O4  conftest.c >&5
configure:4250: $? = 0
configure:4250: result: yes
configure:4250: checking pthread.h presence
configure:4250: gcc -E  conftest.c
configure:4250: $? = 0
configure:4250: result: yes
configure:4250: checking for pthread.h
configure:4250: result: yes
configure:4315: checking for pid_t
configure:4315: gcc -c  -O4  conftest.c >&5
configure:4315: $? = 0
configure:4315: gcc -c  -O4  conftest.c >&5
conftest.c: In function 'main':
conftest.c:65:20: error: expected expression before ')' token
 if (sizeof ((pid_t)))
                    ^
configure:4315: $? = 1
configure: failed program was:
| /* confdefs.h */
| #define PACKAGE_NAME ""
| #define PACKAGE_TARNAME ""
| #define PACKAGE_VERSION ""
| #define PACKAGE_STRING ""
| #define PACKAGE_BUGREPORT ""
| #define PACKAGE_URL ""
| #define HAVE_SYS_WAIT_H 1
| #define STDC_HEADERS 1
| #define HAVE_SYS_TYPES_H 1
| #define HAVE_SYS_STAT_H 1
| #define HAVE_STDLIB_H 1
| #define HAVE_STRING_H 1
| #define HAVE_MEMORY_H 1
| #define HAVE_STRINGS_H 1
| #define HAVE_INTTYPES_H 1
| #define HAVE_STDINT_H 1
| #define HAVE_UNISTD_H 1
| #define HAVE_SIGNAL_H 1
| #define HAVE_STDDEF_H 1
| #define HAVE_UNISTD_H 1
| #define HAVE_SYS_TYPES_H 1
| #define HAVE_SYS_WAIT_H 1
| #define HAVE_STDLIB_H 1
| #define HAVE_STRING_H 1
| #define HAVE_ERRNO_H 1
| #define HAVE_PTHREAD_H 1
| /* end confdefs.h.  */
| #include <stdio.h>
| #ifdef HAVE_SYS_TYPES_H
| # include <sys/types.h>
| #endif
| #ifdef HAVE_SYS_STAT_H
| # include <sys/stat.h>
| #endif
| #ifdef STDC_HEADERS
| # include <stdlib.h>
| # include <stddef.h>
| #else
| # ifdef HAVE_STDLIB_H
| #  include <stdlib.h>
| # endif
| #endif
| #ifdef HAVE_STRING_H
| # if !defined STDC_HEADERS && defined HAVE_MEMORY_H
| #  include <memory.h>
| # endif
| # include <string.h>
| #endif
| #ifdef HAVE_STRINGS_H
| # include <strings.h>
| #endif
| #ifdef HAVE_INTTYPES_H
| # include <inttypes.h>
| #endif
| #ifdef HAVE_STDINT_H
| # include <stdint.h>
| #endif
| #ifdef HAVE_UNISTD_H
| # include <unistd.h>
| #endif
| int
| main ()
| {
| if (sizeof ((pid_t)))
| 	    return 0;
|   ;
|   return 0;
| }
configure:4315: result: yes
configure:4333: checking if malloc is declared in stdlib.h or malloc.h
configure:4364: result: 1
configure:4367: checking if ftell is declared in stdio.h
configure:4383: result: 1
configure:4386: checking if fdopen is declared in stdio.h
configure:4402: result: 1
configure:4405: checking if popen is declared in stdio.h
configure:4421: result: 1
configure:4424: checking if putenv is declared in stdlib.h
configure:4440: result: 1
configure:4443: checking if setenv is declared in stdlib.h
configure:4459: result: 1
configure:4462: checking if INFINITY is declared in math.h
configure:4482: result: 1
configure:4489: checking size of int
configure:4494: gcc -o conftest  -O4   conftest.c  >&5
configure:4494: $? = 0
configure:4494: ./conftest
configure:4494: $? = 0
configure:4508: result: 4
configure:4523: checking size of long
configure:4528: gcc -o conftest  -O4   conftest.c  >&5
configure:4528: $? = 0
configure:4528: ./conftest
configure:4528: $? = 0
configure:4542: result: 8
configure:4557: checking size of long long
configure:4562: gcc -o conftest  -O4   conftest.c  >&5
configure:4562: $? = 0
configure:4562: ./conftest
configure:4562: $? = 0
configure:4576: result: 8
configure:4591: checking size of void*
configure:4596: gcc -o conftest  -O4   conftest.c  >&5
configure:4596: $? = 0
configure:4596: ./conftest
configure:4596: $? = 0
configure:4610: result: 8
configure:4625: checking size of __int128
configure:4630: gcc -o conftest  -O4   conftest.c  >&5
configure:4630: $? = 0
configure:4630: ./conftest
configure:4630: $? = 0
configure:4644: result: 16
configure:4659: checking size of __int128_t
configure:4664: gcc -o conftest  -O4   conftest.c  >&5
configure:4664: $? = 0
configure:4664: ./conftest
configure:4664: $? = 0
configure:4678: result: 16
configure:4705: checking for isatty
configure:4705: gcc -o conftest  -O4   conftest.c  >&5
configure:4705: $? = 0
configure:4705: result: yes
configure:4713: checking for time
configure:4713: gcc -o conftest  -O4   conftest.c  >&5
configure:4713: $? = 0
configure:4713: result: yes
configure:4721: checking for gettimeofday
configure:4721: gcc -o conftest  -O4   conftest.c  >&5
configure:4721: $? = 0
configure:4721: result: yes
configure:4729: checking for times
configure:4729: gcc -o conftest  -O4   conftest.c  >&5
configure:4729: $? = 0
configure:4729: result: yes
configure:4737: checking for getrusage
configure:4737: gcc -o conftest  -O4   conftest.c  >&5
configure:4737: $? = 0
configure:4737: result: yes
configure:4745: checking for perror
configure:4745: gcc -o conftest  -O4   conftest.c  >&5
configure:4745: $? = 0
configure:4745: result: yes
configure:4753: checking for pipe
configure:4753: gcc -o conftest  -O4   conftest.c  >&5
configure:4753: $? = 0
configure:4753: result: yes
configure:4761: checking for wait
configure:4761: gcc -o conftest  -O4   conftest.c  >&5
configure:4761: $? = 0
configure:4761: result: yes
configure:4769: checking for popen
configure:4769: gcc -o conftest  -O4   conftest.c  >&5
configure:4769: $? = 0
configure:4769: result: yes
configure:4777: checking for putenv
configure:4777: gcc -o conftest  -O4   conftest.c  >&5
configure:4777: $? = 0
configure:4777: result: yes
configure:4785: checking for setenv
configure:4785: gcc -o conftest  -O4   conftest.c  >&5
configure:4785: $? = 0
configure:4785: result: yes
configure:4795: checking vfork.h usability
configure:4795: gcc -c  -O4  conftest.c >&5
conftest.c:68:10: fatal error: vfork.h: No such file or directory
 #include <vfork.h>
          ^~~~~~~~~
compilation terminated.
configure:4795: $? = 1
configure: failed program was:
| /* confdefs.h */
| #define PACKAGE_NAME ""
| #define PACKAGE_TARNAME ""
| #define PACKAGE_VERSION ""
| #define PACKAGE_STRING ""
| #define PACKAGE_BUGREPORT ""
| #define PACKAGE_URL ""
| #define HAVE_SYS_WAIT_H 1
| #define STDC_HEADERS 1
| #define HAVE_SYS_TYPES_H 1
| #define HAVE_SYS_STAT_H 1
| #define HAVE_STDLIB_H 1
| #define HAVE_STRING_H 1
| #define HAVE_MEMORY_H 1
| #define HAVE_STRINGS_H 1
| #define HAVE_INTTYPES_H 1
| #define HAVE_STDINT_H 1
| #define HAVE_UNISTD_H 1
| #define HAVE_SIGNAL_H 1
| #define HAVE_STDDEF_H 1
| #define HAVE_UNISTD_H 1
| #define HAVE_SYS_TYPES_H 1
| #define HAVE_SYS_WAIT_H 1
| #define HAVE_STDLIB_H 1
| #define HAVE_STRING_H 1
| #define HAVE_ERRNO_H 1
| #define HAVE_PTHREAD_H 1
| #define SIZEOF_INT 4
| #define SIZEOF_LONG 8
| #define SIZEOF_LONG_LONG 8
| #define SIZEOF_VOIDP 8
| #define SIZEOF___INT128 16
| #define SIZEOF___INT128_T 16
| /* end confdefs.h.  */
| #include <stdio.h>
| #ifdef HAVE_SYS_TYPES_H
| # include <sys/types.h>
| #endif
| #ifdef HAVE_SYS_STAT_H
| # include <sys/stat.h>
| #endif
| #ifdef STDC_HEADERS
| # include <stdlib.h>
| # include <stddef.h>
| #else
| # ifdef HAVE_STDLIB_H
| #  include <stdlib.h>
| # endif
| #endif
| #ifdef HAVE_STRING_H
| # if !defined STDC_HEADERS && defined HAVE_MEMORY_H
| #  include <memory.h>
| # endif
| # include <string.h>
| #endif
| #ifdef HAVE_STRINGS_H
| # include <strings.h>
| #endif
| #ifdef HAVE_INTTYPES_H
| # include <inttypes.h>
| #endif
| #ifdef HAVE_STDINT_H
| # include <stdint.h>
| #endif
| #ifdef HAVE_UNISTD_H
| # include <unistd.h>
| #endif
| #include <vfork.h>
configure:4795: result: no
configure:4795: checking vfork.h presence
configure:4795: gcc -E  conftest.c
conftest.c:35:10: fatal error: vfork.h: No such file or directory
 #include <vfork.h>
          ^~~~~~~~~
compilation terminated.
configure:4795: $? = 1
configure: failed program was:
| /* confdefs.h */
| #define PACKAGE_NAME ""
| #define PACKAGE_TARNAME ""
| #define PACKAGE_VERSION ""
| #define PACKAGE_STRING ""
| #define PACKAGE_BUGREPORT ""
| #define PACKAGE_URL ""
| #define HAVE_SYS_WAIT_H 1
| #define STDC_HEADERS 1
| #define HAVE_SYS_TYPES_H 1
| #define HAVE_SYS_STAT_H 1
| #define HAVE_STDLIB_H 1
| #define HAVE_STRING_H 1
| #define HAVE_MEMORY_H 1
| #define HAVE_STRINGS_H 1
| #define HAVE_INTTYPES_H 1
| #define HAVE_STDINT_H 1
| #define HAVE_UNISTD_H 1
| #define HAVE_SIGNAL_H 1
| #define HAVE_STDDEF_H 1
| #define HAVE_UNISTD_H 1
| #define HAVE_SYS_TYPES_H 1
| #define HAVE_SYS_WAIT_H 1
| #define HAVE_STDLIB_H 1
| #define HAVE_STRING_H 1
| #define HAVE_ERRNO_H 1
| #define HAVE_PTHREAD_H 1
| #define SIZEOF_INT 4
| #define SIZEOF_LONG 8
| #define SIZEOF_LONG_LONG 8
| #define SIZEOF_VOIDP 8
| #define SIZEOF___INT128 16
| #define SIZEOF___INT128_T 16
| /* end confdefs.h.  */
| #include <vfork.h>
configure:4795: result: no
configure:4795: checking for vfork.h
configure:4795: result: no
configure:4808: checking for fork
configure:4808: gcc -o conftest  -O4   conftest.c  >&5
conftest.c:58:6: warning: conflicting types for built-in function 'fork' [-Wbuiltin-declaration-mismatch]
 char fork ();
      ^~~~
configure:4808: $? = 0
configure:4808: result: yes
configure:4808: checking for vfork
configure:4808: gcc -o conftest  -O4   conftest.c  >&5
configure:4808: $? = 0
configure:4808: result: yes
configure:4818: checking for working fork
configure:4840: gcc -o conftest  -O4   conftest.c  >&5
configure:4840: $? = 0
configure:4840: ./conftest
configure:4840: $? = 0
configure:4850: result: yes
configure:4871: checking for working vfork
configure:4981: result: yes
configure:5013: checking for fseeko
configure:5013: gcc -o conftest  -O4   conftest.c  >&5
configure:5013: $? = 0
configure:5013: result: yes
configure:5021: checking for sigaction
configure:5021: gcc -o conftest  -O4   conftest.c  >&5
configure:5021: $? = 0
configure:5021: result: yes
configure:5029: checking for sigprocmask
configure:5029: gcc -o conftest  -O4   conftest.c  >&5
configure:5029: $? = 0
configure:5029: result: yes
configure:5038: checking if popcnt instruction is available and requested
configure:5051: result: 1
configure:5098: checking if __builtin_popcount() is supported
configure:5104: gcc -o conftest  -O4 -mpopcnt   conftest.c  >&5
configure:5104: $? = 0
configure:5111: result: 1
configure:5113: checking if __builtin_popcountl() is supported
configure:5119: gcc -o conftest  -O4 -mpopcnt   conftest.c  >&5
configure:5119: $? = 0
configure:5126: result: 1
configure:5128: checking if __builtin_popcountll() is supported
configure:5134: gcc -o conftest  -O4 -mpopcnt   conftest.c  >&5
configure:5134: $? = 0
configure:5141: result: 1
configure:5164: checking if gcc supports -march=native
configure:5174: gcc -c  -O4 -march=native  conftest.c >&5
configure:5174: $? = 0
configure:5180: result: yes
configure:5228: checking if __builtin_clz() is supported
configure:5234: gcc -o conftest  -O4   conftest.c  >&5
configure:5234: $? = 0
configure:5241: result: 1
configure:5243: checking if __builtin_clzl() is supported
configure:5249: gcc -o conftest  -O4   conftest.c  >&5
configure:5249: $? = 0
configure:5256: result: 1
configure:5258: checking if __builtin_clzll() is supported
configure:5264: gcc -o conftest  -O4   conftest.c  >&5
configure:5264: $? = 0
configure:5271: result: 1
configure:5286: checking for pthread_create
configure:5286: gcc -o conftest  -O4   conftest.c  >&5
/tmp/ccJZtETx.o: In function `main':
conftest.c:(.text.startup+0x7): undefined reference to `pthread_create'
collect2: error: ld returned 1 exit status
configure:5286: $? = 1
configure: failed program was:
| /* confdefs.h */
| #define PACKAGE_NAME ""
| #define PACKAGE_TARNAME ""
| #define PACKAGE_VERSION ""
| #define PACKAGE_STRING ""
| #define PACKAGE_BUGREPORT ""
| #define PACKAGE_URL ""
| #define HAVE_SYS_WAIT_H 1
| #define STDC_HEADERS 1
| #define HAVE_SYS_TYPES_H 1
| #define HAVE_SYS_STAT_H 1
| #define HAVE_STDLIB_H 1
| #define HAVE_STRING_H 1
| #define HAVE_MEMORY_H 1
| #define HAVE_STRINGS_H 1
| #define HAVE_INTTYPES_H 1
| #define HAVE_STDINT_H 1
| #define HAVE_UNISTD_H 1
| #define HAVE_SIGNAL_H 1
| #define HAVE_STDDEF_H 1
| #define HAVE_UNISTD_H 1
| #define HAVE_SYS_TYPES_H 1
| #define HAVE_SYS_WAIT_H 1
| #define HAVE_STDLIB_H 1
| #define HAVE_STRING_H 1
| #define HAVE_ERRNO_H 1
| #define HAVE_PTHREAD_H 1
| #define SIZEOF_INT 4
| #define SIZEOF_LONG 8
| #define SIZEOF_LONG_LONG 8
| #define SIZEOF_VOIDP 8
| #define SIZEOF___INT128 16
| #define SIZEOF___INT128_T 16
| #define HAVE_FORK 1
| #define HAVE_VFORK 1
| #define HAVE_WORKING_VFORK 1
| #define HAVE_WORKING_FORK 1
| /* end confdefs.h.  */
| /* Define pthread_create to an innocuous variant, in case <limits.h> declares pthread_create.
|    For example, HP-UX 11i <limits.h> declares gettimeofday.  */
| #define pthread_create innocuous_pthread_create
| 
| /* System header to define __stub macros and hopefully few prototypes,
|     which can conflict with char pthread_create (); below.
|     Prefer <limits.h> to <assert.h> if __STDC__ is defined, since
|     <limits.h> exists even on freestanding compilers.  */
| 
| #ifdef __STDC__
| # include <limits.h>
| #else
| # include <assert.h>
| #endif
| 
| #undef pthread_create
| 
| /* Override any GCC internal prototype to avoid an error.
|    Use char because int might match the return type of a GCC
|    builtin and then its argument prototype would still apply.  */
| #ifdef __cplusplus
| extern "C"
| #endif
| char pthread_create ();
| /* The GNU C library defines this for functions which it implements
|     to always fail with ENOSYS.  Some functions are actually named
|     something starting with __ and the normal name is an alias.  */
| #if defined __stub_pthread_create || defined __stub___pthread_create
| choke me
| #endif
| 
| int
| main ()
| {
| return pthread_create ();
|   ;
|   return 0;
| }
configure:5286: result: no
configure:5358: checking for getc_unlocked
configure:5358: gcc -o conftest  -O4   conftest.c  >&5
configure:5358: $? = 0
configure:5358: result: yes
configure:5365: checking for flockfile
configure:5365: gcc -o conftest  -O4   conftest.c  >&5
configure:5365: $? = 0
configure:5365: result: yes
configure:5499: checking for gsort
configure:5529: result: no
configure:5499: checking for sort
configure:5515: found /usr/bin/sort
configure:5526: result: sort
configure:5540: checking if sort supports the -k switch
configure:5548: result: 1
configure:5706: creating ./config.status

## ---------------------- ##
## Running config.status. ##
## ---------------------- ##

This file was extended by config.status, which was
generated by GNU Autoconf 2.69.  Invocation command line was

  CONFIG_FILES    = 
  CONFIG_HEADERS  = 
  CONFIG_LINKS    = 
  CONFIG_COMMANDS = 
  $ ./config.status 

on localhost.localdomain

config.status:799: creating makefile
config.status:799: creating nauty.h
config.status:799: creating naututil.h
config.status:799: creating gtools.h

## ---------------- ##
## Cache variables. ##
## ---------------- ##

ac_cv_build=x86_64-pc-linux-gnu
ac_cv_c_compiler_gnu=yes
ac_cv_env_CC_set=
ac_cv_env_CC_value=
ac_cv_env_CFLAGS_set=
ac_cv_env_CFLAGS_value=
ac_cv_env_CPPFLAGS_set=
ac_cv_env_CPPFLAGS_value=
ac_cv_env_CPP_set=
ac_cv_env_CPP_value=
ac_cv_env_LDFLAGS_set=
ac_cv_env_LDFLAGS_value=
ac_cv_env_LIBS_set=
ac_cv_env_LIBS_value=
ac_cv_env_build_alias_set=
ac_cv_env_build_alias_value=
ac_cv_env_host_alias_set=
ac_cv_env_host_alias_value=
ac_cv_env_target_alias_set=
ac_cv_env_target_alias_value=
ac_cv_func_flockfile=yes
ac_cv_func_fork=yes
ac_cv_func_fork_works=yes
ac_cv_func_fseeko=yes
ac_cv_func_getc_unlocked=yes
ac_cv_func_getrusage=yes
ac_cv_func_gettimeofday=yes
ac_cv_func_isatty=yes
ac_cv_func_perror=yes
ac_cv_func_pipe=yes
ac_cv_func_popen=yes
ac_cv_func_pthread_create=no
ac_cv_func_putenv=yes
ac_cv_func_setenv=yes
ac_cv_func_sigaction=yes
ac_cv_func_sigprocmask=yes
ac_cv_func_time=yes
ac_cv_func_times=yes
ac_cv_func_vfork=yes
ac_cv_func_vfork_works=yes
ac_cv_func_wait=yes
ac_cv_header_errno_h=yes
ac_cv_header_inttypes_h=yes
ac_cv_header_memory_h=yes
ac_cv_header_pthread_h=yes
ac_cv_header_signal_h=yes
ac_cv_header_stdc=yes
ac_cv_header_stddef_h=yes
ac_cv_header_stdint_h=yes
ac_cv_header_stdlib_h=yes
ac_cv_header_string_h=yes
ac_cv_header_strings_h=yes
ac_cv_header_sys_stat_h=yes
ac_cv_header_sys_types_h=yes
ac_cv_header_sys_wait_h=yes
ac_cv_header_unistd_h=yes
ac_cv_header_vfork_h=no
ac_cv_host=x86_64-pc-linux-gnu
ac_cv_native_ok=yes
ac_cv_objext=o
ac_cv_path_EGREP='/usr/bin/grep -E'
ac_cv_path_GREP=/usr/bin/grep
ac_cv_prog_CPP='gcc -E'
ac_cv_prog_ac_ct_CC=gcc
ac_cv_prog_cc_c89=
ac_cv_prog_cc_g=yes
ac_cv_prog_sort_prog=sort
ac_cv_sizeof___int128=16
ac_cv_sizeof___int128_t=16
ac_cv_sizeof_int=4
ac_cv_sizeof_long=8
ac_cv_sizeof_long_long=8
ac_cv_sizeof_voidp=8
ac_cv_sys_file_offset_bits=0
ac_cv_sys_largefile_CC=no
ac_cv_tls=
ac_cv_try_cflags_ok=yes
ac_cv_type_pid_t=yes

## ----------------- ##
## Output variables. ##
## ----------------- ##

CC='gcc'
CFLAGS=' -O4'
CPP='gcc -E'
CPPFLAGS=''
DEFS='-DPACKAGE_NAME=\"\" -DPACKAGE_TARNAME=\"\" -DPACKAGE_VERSION=\"\" -DPACKAGE_STRING=\"\" -DPACKAGE_BUGREPORT=\"\" -DPACKAGE_URL=\"\" -DHAVE_SYS_WAIT_H=1 -DSTDC_HEADERS=1 -DHAVE_SYS_TYPES_H=1 -DHAVE_SYS_STAT_H=1 -DHAVE_STDLIB_H=1 -DHAVE_STRING_H=1 -DHAVE_MEMORY_H=1 -DHAVE_STRINGS_H=1 -DHAVE_INTTYPES_H=1 -DHAVE_STDINT_H=1 -DHAVE_UNISTD_H=1 -DHAVE_SIGNAL_H=1 -DHAVE_STDDEF_H=1 -DHAVE_UNISTD_H=1 -DHAVE_SYS_TYPES_H=1 -DHAVE_SYS_WAIT_H=1 -DHAVE_STDLIB_H=1 -DHAVE_STRING_H=1 -DHAVE_ERRNO_H=1 -DHAVE_PTHREAD_H=1 -DSIZEOF_INT=4 -DSIZEOF_LONG=8 -DSIZEOF_LONG_LONG=8 -DSIZEOF_VOIDP=8 -DSIZEOF___INT128=16 -DSIZEOF___INT128_T=16 -DHAVE_FORK=1 -DHAVE_VFORK=1 -DHAVE_WORKING_VFORK=1 -DHAVE_WORKING_FORK=1'
ECHO_C=''
ECHO_N='-n'
ECHO_T=''
EGREP='/usr/bin/grep -E'
EXEEXT=''
GREP='/usr/bin/grep'
LDFLAGS=''
LIBOBJS=''
LIBS=''
LTLIBOBJS=''
MORECFLAGS=' -mpopcnt -march=native'
OBJEXT='o'
PACKAGE_BUGREPORT=''
PACKAGE_NAME=''
PACKAGE_STRING=''
PACKAGE_TARNAME=''
PACKAGE_URL=''
PACKAGE_VERSION=''
PATH_SEPARATOR=':'
SHELL='/bin/sh'
ac_ct_CC='gcc'
ac_cv_sizeof___int128='16'
ac_cv_sizeof___int128_t='16'
ac_cv_sizeof_int='4'
ac_cv_sizeof_long='8'
ac_cv_sizeof_long_long='8'
ac_cv_sizeof_voidp='8'
ac_cv_sys_file_offset_bits='0'
ac_cv_tls=''
allow_interrupt='1'
bindir='${exec_prefix}/bin'
build='x86_64-pc-linux-gnu'
build_alias=''
build_cpu='x86_64'
build_os='linux-gnu'
build_vendor='pc'
datadir='${datarootdir}'
datarootdir='${prefix}/share'
default_wordsize='0'
docdir='${datarootdir}/doc/${PACKAGE}'
dvidir='${docdir}'
edit_msg='++++++ This file is automatically generated, don'\''t edit it by hand! ++++++'
exec_prefix='${prefix}'
fdopen_dec='1'
ftell_dec='1'
has_math_inf='1'
have_ansicontrols='0'
have_clz='1'
have_clzl='1'
have_clzll='1'
have_fork='1'
have_fseeko='1'
have_getrusage='1'
have_gettimeofday='1'
have_hwpopcnt='1'
have_isatty='1'
have_mmpop32='0'
have_mmpop64='0'
have_perror='1'
have_pid_t='1'
have_pipe='1'
have_popcnt='1'
have_popcntl='1'
have_popcntll='1'
have_popen='1'
have_pthread='0'
have_putenv='1'
have_setenv='1'
have_sigaction='1'
have_sigprocmask='1'
have_time='1'
have_times='1'
have_tls='0'
have_wait='1'
header_errno_h='1'
header_pthread_h='1'
header_signal_h='1'
header_stddef_h='1'
header_stdlib_h='1'
header_string_h='1'
header_sys_types_h='1'
header_sys_wait_h='1'
header_unistd_h='1'
host='x86_64-pc-linux-gnu'
host_alias=''
host_cpu='x86_64'
host_os='linux-gnu'
host_vendor='pc'
htmldir='${docdir}'
includedir='${prefix}/include'
infodir='${datarootdir}/info'
libdir='${exec_prefix}/lib'
libexecdir='${exec_prefix}/libexec'
localedir='${datarootdir}/locale'
localstatedir='${prefix}/var'
lok='1'
malloc_dec='1'
mandir='${datarootdir}/man'
oldincludedir='/usr/include'
pdfdir='${docdir}'
popen_dec='1'
prefix='/usr/local'
program_transform_name='s,x,x,'
psdir='${docdir}'
putenv_dec='1'
sbindir='${exec_prefix}/sbin'
setenv_dec='1'
sharedstatedir='${prefix}/com'
shortg_or_null='shortg'
sort_newparams_ok='1'
sort_prog='sort'
stdio_nolock='1'
sysconfdir='${prefix}/etc'
target_alias=''
testprogs='dreadtest dreadtestS dreadtestS1 dreadtest4K dreadtest1 dreadtestW dreadtestW1 dreadtestL1 dreadtestL'
threadlib=''

## ----------- ##
## confdefs.h. ##
## ----------- ##

/* confdefs.h */
#define PACKAGE_NAME ""
#define PACKAGE_TARNAME ""
#define PACKAGE_VERSION ""
#define PACKAGE_STRING ""
#define PACKAGE_BUGREPORT ""
#define PACKAGE_URL ""
#define HAVE_SYS_WAIT_H 1
#define STDC_HEADERS 1
#define HAVE_SYS_TYPES_H 1
#define HAVE_SYS_STAT_H 1
#define HAVE_STDLIB_H 1
#define HAVE_STRING_H 1
#define HAVE_MEMORY_H 1
#define HAVE_STRINGS_H 1
#define HAVE_INTTYPES_H 1
#define HAVE_STDINT_H 1
#define HAVE_UNISTD_H 1
#define HAVE_SIGNAL_H 1
#define HAVE_STDDEF_H 1
#define HAVE_UNISTD_H 1
#define HAVE_SYS_TYPES_H 1
#define HAVE_SYS_WAIT_H 1
#define HAVE_STDLIB_H 1
#define HAVE_STRING_H 1
#define HAVE_ERRNO_H 1
#define HAVE_PTHREAD_H 1
#define SIZEOF_INT 4
#define SIZEOF_LONG 8
#define SIZEOF_LONG_LONG 8
#define SIZEOF_VOIDP 8
#define SIZEOF___INT128 16
#define SIZEOF___INT128_T 16
#define HAVE_FORK 1
#define HAVE_VFORK 1
#define HAVE_WORKING_VFORK 1
#define HAVE_WORKING_FORK 1

configure: exit 0
